<?xml version="1.0" encoding="UTF-8"?>
<testsuite xmlns:xsi="http://www.w3.org/2001/XMLSchema-instance" xsi:noNamespaceSchemaLocation="https://maven.apache.org/surefire/maven-surefire-plugin/xsd/surefire-test-report.xsd" version="3.0.2" name="com.uber.TicketGenerationServicesApplicationTests" time="4.827" tests="1" errors="0" skipped="0" failures="0">
  <properties>
[...]
</properties>
  <testcase name="contextLoads" classname="com.uber.TicketGenerationServicesApplicationTests" time="1.285">
    <system-out><![CDATA[13:03:56.105 [main] INFO org.springframework.test.context.support.AnnotationConfigContextLoaderUtils -- Could not detect default configuration classes for test class [com.uber.TicketGenerationServicesApplicationTests]: TicketGenerationServicesApplicationTests does not declare any static, non-private, non-final, nested classes annotated with @Configuration.
13:03:56.241 [main] INFO org.springframework.boot.test.context.SpringBootTestContextBootstrapper -- Found @SpringBootConfiguration com.uber.TicketGenerationServicesApplication for test class com.uber.TicketGenerationServicesApplicationTests

  .   ____          _            __ _ _
 /\\ / ___'_ __ _ _(_)_ __  __ _ \ \ \ \
( ( )\___ | '_ | '_| | '_ \/ _` | \ \ \ \
 \\/  ___)| |_)| | | | | || (_| |  ) ) ) )
  '  |____| .__|_| |_|_| |_\__, | / / / /
 =========|_|==============|___/=/_/_/_/

 :: Spring Boot ::               (v3.5.10)

2026-01-24T13:03:56.876+05:30  INFO 20260 --- [TicketGeneration-Services] [           main] TicketGenerationServicesApplicationTests : Starting TicketGenerationServicesApplicationTests using Java 21.0.9 with PID 20260 (started by ACER in C:\Users\ACER\Downloads\Kafka-Uber-Application\TicketGeneration-Services)
2026-01-24T13:03:56.878+05:30  INFO 20260 --- [TicketGeneration-Services] [           main] TicketGenerationServicesApplicationTests : No active profile set, falling back to 1 default profile: "default"
2026-01-24T13:03:59.057+05:30  INFO 20260 --- [TicketGeneration-Services] [           main] o.a.k.clients.consumer.ConsumerConfig    : ConsumerConfig values: 
	allow.auto.create.topics = true
	auto.commit.interval.ms = 5000
	auto.include.jmx.reporter = true
	auto.offset.reset = latest
	bootstrap.servers = [localhost:9092]
	check.crcs = true
	client.dns.lookup = use_all_dns_ips
	client.id = consumer-Ticket-Services-1
	client.rack = 
	connections.max.idle.ms = 540000
	default.api.timeout.ms = 60000
	enable.auto.commit = false
	enable.metrics.push = true
	exclude.internal.topics = true
	fetch.max.bytes = 52428800
	fetch.max.wait.ms = 500
	fetch.min.bytes = 1
	group.id = Ticket-Services
	group.instance.id = null
	group.protocol = classic
	group.remote.assignor = null
	heartbeat.interval.ms = 3000
	interceptor.classes = []
	internal.leave.group.on.close = true
	internal.throw.on.fetch.stable.offset.unsupported = false
	isolation.level = read_uncommitted
	key.deserializer = class org.apache.kafka.common.serialization.StringDeserializer
	max.partition.fetch.bytes = 1048576
	max.poll.interval.ms = 300000
	max.poll.records = 500
	metadata.max.age.ms = 300000
	metadata.recovery.strategy = none
	metric.reporters = []
	metrics.num.samples = 2
	metrics.recording.level = INFO
	metrics.sample.window.ms = 30000
	partition.assignment.strategy = [class org.apache.kafka.clients.consumer.RangeAssignor, class org.apache.kafka.clients.consumer.CooperativeStickyAssignor]
	receive.buffer.bytes = 65536
	reconnect.backoff.max.ms = 1000
	reconnect.backoff.ms = 50
	request.timeout.ms = 30000
	retry.backoff.max.ms = 1000
	retry.backoff.ms = 100
	sasl.client.callback.handler.class = null
	sasl.jaas.config = null
	sasl.kerberos.kinit.cmd = /usr/bin/kinit
	sasl.kerberos.min.time.before.relogin = 60000
	sasl.kerberos.service.name = null
	sasl.kerberos.ticket.renew.jitter = 0.05
	sasl.kerberos.ticket.renew.window.factor = 0.8
	sasl.login.callback.handler.class = null
	sasl.login.class = null
	sasl.login.connect.timeout.ms = null
	sasl.login.read.timeout.ms = null
	sasl.login.refresh.buffer.seconds = 300
	sasl.login.refresh.min.period.seconds = 60
	sasl.login.refresh.window.factor = 0.8
	sasl.login.refresh.window.jitter = 0.05
	sasl.login.retry.backoff.max.ms = 10000
	sasl.login.retry.backoff.ms = 100
	sasl.mechanism = GSSAPI
	sasl.oauthbearer.clock.skew.seconds = 30
	sasl.oauthbearer.expected.audience = null
	sasl.oauthbearer.expected.issuer = null
	sasl.oauthbearer.header.urlencode = false
	sasl.oauthbearer.jwks.endpoint.refresh.ms = 3600000
	sasl.oauthbearer.jwks.endpoint.retry.backoff.max.ms = 10000
	sasl.oauthbearer.jwks.endpoint.retry.backoff.ms = 100
	sasl.oauthbearer.jwks.endpoint.url = null
	sasl.oauthbearer.scope.claim.name = scope
	sasl.oauthbearer.sub.claim.name = sub
	sasl.oauthbearer.token.endpoint.url = null
	security.protocol = PLAINTEXT
	security.providers = null
	send.buffer.bytes = 131072
	session.timeout.ms = 45000
	socket.connection.setup.timeout.max.ms = 30000
	socket.connection.setup.timeout.ms = 10000
	ssl.cipher.suites = null
	ssl.enabled.protocols = [TLSv1.2, TLSv1.3]
	ssl.endpoint.identification.algorithm = https
	ssl.engine.factory.class = null
	ssl.key.password = null
	ssl.keymanager.algorithm = SunX509
	ssl.keystore.certificate.chain = null
	ssl.keystore.key = null
	ssl.keystore.location = null
	ssl.keystore.password = null
	ssl.keystore.type = JKS
	ssl.protocol = TLSv1.3
	ssl.provider = null
	ssl.secure.random.implementation = null
	ssl.trustmanager.algorithm = PKIX
	ssl.truststore.certificates = null
	ssl.truststore.location = null
	ssl.truststore.password = null
	ssl.truststore.type = JKS
	value.deserializer = class org.springframework.kafka.support.serializer.ErrorHandlingDeserializer

2026-01-24T13:03:59.113+05:30  INFO 20260 --- [TicketGeneration-Services] [           main] o.a.k.c.t.i.KafkaMetricsCollector        : initializing Kafka metrics collector
2026-01-24T13:03:59.461+05:30  INFO 20260 --- [TicketGeneration-Services] [           main] o.a.kafka.common.utils.AppInfoParser     : Kafka version: 3.9.1
2026-01-24T13:03:59.462+05:30  INFO 20260 --- [TicketGeneration-Services] [           main] o.a.kafka.common.utils.AppInfoParser     : Kafka commitId: f745dfdcee2b9851
2026-01-24T13:03:59.462+05:30  INFO 20260 --- [TicketGeneration-Services] [           main] o.a.kafka.common.utils.AppInfoParser     : Kafka startTimeMs: 1769240039460
2026-01-24T13:03:59.466+05:30  INFO 20260 --- [TicketGeneration-Services] [           main] o.a.k.c.c.i.ClassicKafkaConsumer         : [Consumer clientId=consumer-Ticket-Services-1, groupId=Ticket-Services] Subscribed to topic(s): payment-success
2026-01-24T13:03:59.492+05:30  INFO 20260 --- [TicketGeneration-Services] [           main] TicketGenerationServicesApplicationTests : Started TicketGenerationServicesApplicationTests in 3.049 seconds (process running for 4.428)
2026-01-24T13:04:00.478+05:30  INFO 20260 --- [TicketGeneration-Services] [ntainer#0-0-C-1] org.apache.kafka.clients.Metadata        : [Consumer clientId=consumer-Ticket-Services-1, groupId=Ticket-Services] Cluster ID: jZrRGt70QKKj6heIMOKaIQ
2026-01-24T13:04:00.484+05:30  INFO 20260 --- [TicketGeneration-Services] [ntainer#0-0-C-1] o.a.k.c.c.internals.ConsumerCoordinator  : [Consumer clientId=consumer-Ticket-Services-1, groupId=Ticket-Services] Discovered group coordinator localhost:9092 (id: 2147483646 rack: null)
2026-01-24T13:04:00.488+05:30  INFO 20260 --- [TicketGeneration-Services] [ntainer#0-0-C-1] o.a.k.c.c.internals.ConsumerCoordinator  : [Consumer clientId=consumer-Ticket-Services-1, groupId=Ticket-Services] (Re-)joining group
2026-01-24T13:04:00.517+05:30  INFO 20260 --- [TicketGeneration-Services] [ntainer#0-0-C-1] o.a.k.c.c.internals.ConsumerCoordinator  : [Consumer clientId=consumer-Ticket-Services-1, groupId=Ticket-Services] Request joining group due to: need to re-join with the given member-id: consumer-Ticket-Services-1-99e66b9c-f913-43d3-b983-9aef1bff7610
2026-01-24T13:04:00.517+05:30  INFO 20260 --- [TicketGeneration-Services] [ntainer#0-0-C-1] o.a.k.c.c.internals.ConsumerCoordinator  : [Consumer clientId=consumer-Ticket-Services-1, groupId=Ticket-Services] (Re-)joining group
]]></system-out>
    <system-err><![CDATA[Mockito is currently self-attaching to enable the inline-mock-maker. This will no longer work in future releases of the JDK. Please add Mockito as an agent to your build as described in Mockito's documentation: https://javadoc.io/doc/org.mockito/mockito-core/latest/org.mockito/org/mockito/Mockito.html#0.3
WARNING: A Java agent has been loaded dynamically (C:\Users\ACER\.m2\repository\net\bytebuddy\byte-buddy-agent\1.17.8\byte-buddy-agent-1.17.8.jar)
WARNING: If a serviceability tool is in use, please run with -XX:+EnableDynamicAgentLoading to hide this warning
WARNING: If a serviceability tool is not in use, please run with -Djdk.instrument.traceUsage for more information
WARNING: Dynamic loading of agents will be disallowed by default in a future release
]]></system-err>
  </testcase>
</testsuite>